#
# A fatal error has been detected by the Java Runtime Environment:
#
#  EXCEPTION_ACCESS_VIOLATION (0xc0000005) at pc=0x6872e99f, pid=5724, tid=4532
#
# JRE version: Java(TM) SE Runtime Environment (7.0_51-b13) (build 1.7.0_51-b13)
# Java VM: Java HotSpot(TM) Client VM (24.51-b03 mixed mode, sharing windows-x86 )
# Problematic frame:
# V  [jvm.dll+0x7e99f]
#
# Failed to write core dump. Minidumps are not enabled by default on client versions of Windows
#
# If you would like to submit a bug report, please visit:
#   http://bugreport.sun.com/bugreport/crash.jsp
#

---------------  T H R E A D  ---------------

Current thread (0x0173f400):  VMThread [stack: 0x006d0000,0x00720000] [id=4532]

siginfo: ExceptionCode=0xc0000005, reading address 0xff988e8e

Registers:
EAX=0x24ff16b8, EBX=0x00000032, ECX=0xff988e82, EDX=0x6872edd0
ESP=0x0071f114, EBP=0x0071f124, ESI=0x017264e8, EDI=0x24ff16b8
EIP=0x6872e99f, EFLAGS=0x00010293

Top of Stack: (sp=0x0071f114)
0x0071f114:   2898eecc 0071f380 00000032 017264e8
0x0071f124:   0071f138 6872ebf6 24ff16b8 2898ef40
0x0071f134:   2898eecc 0071f150 68769509 2898eecc
0x0071f144:   2898ee78 2898ef40 0071f18c 0071f16c
0x0071f154:   6873cef3 2898ee78 0071f18c 2898f000
0x0071f164:   28930000 2898ee00 0071f1a0 6873c43b
0x0071f174:   2898ee00 00000080 2898ee00 2898f000
0x0071f184:   0071f18c 01729738 6895c648 2898ef00 

Instructions: (pc=0x6872e99f)
0x6872e97f:   bd fb ff ff c6 83 a0 01 00 00 00 5e 5b 5d c2 04
0x6872e98f:   00 55 8b ec 51 53 56 57 8b 7d 08 8b f1 8b 4f 04
0x6872e99f:   8b 41 0c 83 c1 08 89 75 fc 85 c0 7e 09 a8 01 75
0x6872e9af:   30 c1 f8 02 eb 33 79 29 8b 5f 08 8b 15 f4 50 9d 


Register to memory mapping:

EAX=
[error occurred during error reporting (printing register info), id 0xc0000005]

Stack: [0x006d0000,0x00720000],  sp=0x0071f114,  free space=316k
Native frames: (J=compiled Java code, j=interpreted, Vv=VM code, C=native code)
V  [jvm.dll+0x7e99f]
V  [jvm.dll+0x7ebf6]
V  [jvm.dll+0xb9509]
V  [jvm.dll+0x8cef3]
V  [jvm.dll+0x8c43b]
V  [jvm.dll+0x8c3c7]
V  [jvm.dll+0x7aa25]
V  [jvm.dll+0x79e70]
V  [jvm.dll+0x7a638]
V  [jvm.dll+0x86d4c]
V  [jvm.dll+0x7a4f4]
V  [jvm.dll+0x85b6b]
V  [jvm.dll+0x7f5fb]
V  [jvm.dll+0x854aa]
V  [jvm.dll+0x7c183]
V  [jvm.dll+0x19c156]
V  [jvm.dll+0x16636b]
V  [jvm.dll+0x165771]
V  [jvm.dll+0x165b87]
V  [jvm.dll+0x165d82]
V  [jvm.dll+0x1a4b79]
C  [msvcr100.dll+0x5c556]
C  [msvcr100.dll+0x5c600]
C  [kernel32.dll+0x4ed5c]
C  [ntdll.dll+0x637eb]
C  [ntdll.dll+0x637be]

VM_Operation (0x00adf330): GenCollectForAllocation, mode: safepoint, requested by thread 0x0066c800


---------------  P R O C E S S  ---------------

Java Threads: ( => current thread )
  0x03f55000 JavaThread "Java2D Disposer" daemon [_thread_blocked, id=4464, stack(0x04570000,0x045c0000)]
  0x017c1800 JavaThread "Service Thread" daemon [_thread_blocked, id=2504, stack(0x03bc0000,0x03c10000)]
  0x017b2000 JavaThread "C1 CompilerThread0" daemon [_thread_blocked, id=2352, stack(0x03a40000,0x03a90000)]
  0x017b0c00 JavaThread "Attach Listener" daemon [_thread_blocked, id=3980, stack(0x01860000,0x018b0000)]
  0x017adc00 JavaThread "Signal Dispatcher" daemon [_thread_blocked, id=5948, stack(0x03b30000,0x03b80000)]
  0x01745c00 JavaThread "Finalizer" daemon [_thread_blocked, id=5640, stack(0x03950000,0x039a0000)]
  0x01740c00 JavaThread "Reference Handler" daemon [_thread_blocked, id=4560, stack(0x039d0000,0x03a20000)]
  0x0066c800 JavaThread "main" [_thread_blocked, id=4704, stack(0x00a90000,0x00ae0000)]

Other Threads:
=>0x0173f400 VMThread [stack: 0x006d0000,0x00720000] [id=4532]
  0x017db800 WatcherThread [stack: 0x03d40000,0x03d90000] [id=3716]

VM state:at safepoint (normal execution)

VM Mutex/Monitor currently owned by a thread:  ([mutex/lock_event])
[0x0066a8c0] Threads_lock - owner thread: 0x0173f400
[0x0066acd0] Heap_lock - owner thread: 0x0066c800

Heap
 def new generation   total 32256K, used 27179K [0x233e0000, 0x256d0000, 0x28930000)
  eden space 28736K,  93% used [0x233e0000, 0x24e3f7d0, 0x24ff0000)
  from space 3520K,   4% used [0x24ff0000, 0x2501b5a8, 0x25360000)
  to   space 3520K,   0% used [0x25360000, 0x25360168, 0x256d0000)
 tenured generation   total 71520K, used 55464K [0x28930000, 0x2cf08000, 0x333e0000)
   the space 71520K,  77% used [0x28930000, 0x2bf5a208, 0x2bf5a400, 0x2cf08000)
 compacting perm gen  total 12288K, used 1394K [0x333e0000, 0x33fe0000, 0x373e0000)
   the space 12288K,  11% used [0x333e0000, 0x3353c888, 0x3353ca00, 0x33fe0000)
    ro space 10240K,  41% used [0x373e0000, 0x37812050, 0x37812200, 0x37de0000)
    rw space 12288K,  52% used [0x37de0000, 0x38426800, 0x38426800, 0x389e0000)

Card table byte_map: [0x00580000,0x00630000] byte_map_base: 0x00466100

Polling page: 0x00170000

Code Cache  [0x018f0000, 0x019e8000, 0x038f0000)
 total_blobs=333 nmethods=157 adapters=113 free_code_cache=31792Kb largest_free_block=32555584

Compilation events (10 events):
Event: 28.000 Thread 0x017b2000  153             java.lang.Long::stringSize (38 bytes)
Event: 28.000 Thread 0x017b2000 nmethod 153 0x019e0ac8 code [0x019e0bc0, 0x019e0cb0]
Event: 30.076 Thread 0x017b2000  154             java.awt.image.Raster::getNumDataElements (8 bytes)
Event: 30.076 Thread 0x017b2000 nmethod 154 0x019e0d08 code [0x019e0e10, 0x019e0eac]
Event: 30.848 Thread 0x017b2000  155             java.util.regex.Pattern::compile (406 bytes)
Event: 30.850 Thread 0x017b2000 nmethod 155 0x019e0f08 code [0x019e1100, 0x019e1b1c]
Event: 30.851 Thread 0x017b2000  156             java.util.regex.Pattern::atom (378 bytes)
Event: 30.852 Thread 0x017b2000 nmethod 156 0x019e2208 code [0x019e23a0, 0x019e2968]
Event: 30.852 Thread 0x017b2000  157             java.util.regex.Pattern::newSlice (181 bytes)
Event: 30.853 Thread 0x017b2000 nmethod 157 0x019e2fc8 code [0x019e31a0, 0x019e3798]

GC Heap History (10 events):
Event: 29.048 GC heap after
Heap after GC invocations=153 (full 62):
 def new generation   total 32256K, used 0K [0x233e0000, 0x256d0000, 0x28930000)
  eden space 28736K,   0% used [0x233e0000, 0x233e0000, 0x24ff0000)
  from space 3520K,   0% used [0x24ff0000, 0x24ff0000, 0x25360000)
  to   space 3520K,   0% used [0x25360000, 0x25360000, 0x256d0000)
 tenured generation   total 71520K, used 55464K [0x28930000, 0x2cf08000, 0x333e0000)
   the space 71520K,  77% used [0x28930000, 0x2bf5a208, 0x2bf5a400, 0x2cf08000)
 compacting perm gen  total 12288K, used 1394K [0x333e0000, 0x33fe0000, 0x373e0000)
   the space 12288K,  11% used [0x333e0000, 0x3353c868, 0x3353ca00, 0x33fe0000)
    ro space 10240K,  41% used [0x373e0000, 0x37812050, 0x37812200, 0x37de0000)
    rw space 12288K,  52% used [0x37de0000, 0x38426800, 0x38426800, 0x389e0000)
}
Event: 29.332 GC heap before
{Heap before GC invocations=153 (full 62):
 def new generation   total 32256K, used 28736K [0x233e0000, 0x256d0000, 0x28930000)
  eden space 28736K, 100% used [0x233e0000, 0x24ff0000, 0x24ff0000)
  from space 3520K,   0% used [0x24ff0000, 0x24ff0000, 0x25360000)
  to   space 3520K,   0% used [0x25360000, 0x25360000, 0x256d0000)
 tenured generation   total 71520K, used 55464K [0x28930000, 0x2cf08000, 0x333e0000)
   the space 71520K,  77% used [0x28930000, 0x2bf5a208, 0x2bf5a400, 0x2cf08000)
 compacting perm gen  total 12288K, used 1394K [0x333e0000, 0x33fe0000, 0x373e0000)
   the space 12288K,  11% used [0x333e0000, 0x3353c868, 0x3353ca00, 0x33fe0000)
    ro space 10240K,  41% used [0x373e0000, 0x37812050, 0x37812200, 0x37de0000)
    rw space 12288K,  52% used [0x37de0000, 0x38426800, 0x38426800, 0x389e0000)
Event: 29.332 GC heap after
Heap after GC invocations=154 (full 62):
 def new generation   total 32256K, used 0K [0x233e0000, 0x256d0000, 0x28930000)
  eden space 28736K,   0% used [0x233e0000, 0x233e0000, 0x24ff0000)
  from space 3520K,   0% used [0x25360000, 0x25360000, 0x256d0000)
  to   space 3520K,   0% used [0x24ff0000, 0x24ff0000, 0x25360000)
 tenured generation   total 71520K, used 55464K [0x28930000, 0x2cf08000, 0x333e0000)
   the space 71520K,  77% used [0x28930000, 0x2bf5a208, 0x2bf5a400, 0x2cf08000)
 compacting perm gen  total 12288K, used 1394K [0x333e0000, 0x33fe0000, 0x373e0000)
   the space 12288K,  11% used [0x333e0000, 0x3353c868, 0x3353ca00, 0x33fe0000)
    ro space 10240K,  41% used [0x373e0000, 0x37812050, 0x37812200, 0x37de0000)
    rw space 12288K,  52% used [0x37de0000, 0x38426800, 0x38426800, 0x389e0000)
}
Event: 29.519 GC heap before
{Heap before GC invocations=154 (full 62):
 def new generation   total 32256K, used 28736K [0x233e0000, 0x256d0000, 0x28930000)
  eden space 28736K, 100% used [0x233e0000, 0x24ff0000, 0x24ff0000)
  from space 3520K,   0% used [0x25360000, 0x25360000, 0x256d0000)
  to   space 3520K,   0% used [0x24ff0000, 0x24ff0000, 0x25360000)
 tenured generation   total 71520K, used 55464K [0x28930000, 0x2cf08000, 0x333e0000)
   the space 71520K,  77% used [0x28930000, 0x2bf5a208, 0x2bf5a400, 0x2cf08000)
 compacting perm gen  total 12288K, used 1394K [0x333e0000, 0x33fe0000, 0x373e0000)
   the space 12288K,  11% used [0x333e0000, 0x3353c868, 0x3353ca00, 0x33fe0000)
    ro space 10240K,  41% used [0x373e0000, 0x37812050, 0x37812200, 0x37de0000)
    rw space 12288K,  52% used [0x37de0000, 0x38426800, 0x38426800, 0x389e0000)
Event: 29.520 GC heap after
Heap after GC invocations=155 (full 62):
 def new generation   total 32256K, used 0K [0x233e0000, 0x256d0000, 0x28930000)
  eden space 28736K,   0% used [0x233e0000, 0x233e0000, 0x24ff0000)
  from space 3520K,   0% used [0x24ff0000, 0x24ff0000, 0x25360000)
  to   space 3520K,   0% used [0x25360000, 0x25360000, 0x256d0000)
 tenured generation   total 71520K, used 55464K [0x28930000, 0x2cf08000, 0x333e0000)
   the space 71520K,  77% used [0x28930000, 0x2bf5a208, 0x2bf5a400, 0x2cf08000)
 compacting perm gen  total 12288K, used 1394K [0x333e0000, 0x33fe0000, 0x373e0000)
   the space 12288K,  11% used [0x333e0000, 0x3353c868, 0x3353ca00, 0x33fe0000)
    ro space 10240K,  41% used [0x373e0000, 0x37812050, 0x37812200, 0x37de0000)
    rw space 12288K,  52% used [0x37de0000, 0x38426800, 0x38426800, 0x389e0000)
}
Event: 29.724 GC heap before
{Heap before GC invocations=155 (full 62):
 def new generation   total 32256K, used 28736K [0x233e0000, 0x256d0000, 0x28930000)
  eden space 28736K, 100% used [0x233e0000, 0x24ff0000, 0x24ff0000)
  from space 3520K,   0% used [0x24ff0000, 0x24ff0000, 0x25360000)
  to   space 3520K,   0% used [0x25360000, 0x25360000, 0x256d0000)
 tenured generation   total 71520K, used 55464K [0x28930000, 0x2cf08000, 0x333e0000)
   the space 71520K,  77% used [0x28930000, 0x2bf5a208, 0x2bf5a400, 0x2cf08000)
 compacting perm gen  total 12288K, used 1394K [0x333e0000, 0x33fe0000, 0x373e0000)
   the space 12288K,  11% used [0x333e0000, 0x3353c868, 0x3353ca00, 0x33fe0000)
    ro space 10240K,  41% used [0x373e0000, 0x37812050, 0x37812200, 0x37de0000)
    rw space 12288K,  52% used [0x37de0000, 0x38426800, 0x38426800, 0x389e0000)
Event: 29.725 GC heap after
Heap after GC invocations=156 (full 62):
 def new generation   total 32256K, used 0K [0x233e0000, 0x256d0000, 0x28930000)
  eden space 28736K,   0% used [0x233e0000, 0x233e0000, 0x24ff0000)
  from space 3520K,   0% used [0x25360000, 0x25360000, 0x256d0000)
  to   space 3520K,   0% used [0x24ff0000, 0x24ff0000, 0x25360000)
 tenured generation   total 71520K, used 55464K [0x28930000, 0x2cf08000, 0x333e0000)
   the space 71520K,  77% used [0x28930000, 0x2bf5a208, 0x2bf5a400, 0x2cf08000)
 compacting perm gen  total 12288K, used 1394K [0x333e0000, 0x33fe0000, 0x373e0000)
   the space 12288K,  11% used [0x333e0000, 0x3353c868, 0x3353ca00, 0x33fe0000)
    ro space 10240K,  41% used [0x373e0000, 0x37812050, 0x37812200, 0x37de0000)
    rw space 12288K,  52% used [0x37de0000, 0x38426800, 0x38426800, 0x389e0000)
}
Event: 30.052 GC heap before
{Heap before GC invocations=156 (full 62):
 def new generation   total 32256K, used 28736K [0x233e0000, 0x256d0000, 0x28930000)
  eden space 28736K, 100% used [0x233e0000, 0x24ff0000, 0x24ff0000)
  from space 3520K,   0% used [0x25360000, 0x25360000, 0x256d0000)
  to   space 3520K,   0% used [0x24ff0000, 0x24ff0000, 0x25360000)
 tenured generation   total 71520K, used 55464K [0x28930000, 0x2cf08000, 0x333e0000)
   the space 71520K,  77% used [0x28930000, 0x2bf5a208, 0x2bf5a400, 0x2cf08000)
 compacting perm gen  total 12288K, used 1394K [0x333e0000, 0x33fe0000, 0x373e0000)
   the space 12288K,  11% used [0x333e0000, 0x3353c868, 0x3353ca00, 0x33fe0000)
    ro space 10240K,  41% used [0x373e0000, 0x37812050, 0x37812200, 0x37de0000)
    rw space 12288K,  52% used [0x37de0000, 0x38426800, 0x38426800, 0x389e0000)
Event: 30.053 GC heap after
Heap after GC invocations=157 (full 62):
 def new generation   total 32256K, used 173K [0x233e0000, 0x256d0000, 0x28930000)
  eden space 28736K,   0% used [0x233e0000, 0x233e0000, 0x24ff0000)
  from space 3520K,   4% used [0x24ff0000, 0x2501b5a8, 0x25360000)
  to   space 3520K,   0% used [0x25360000, 0x25360000, 0x256d0000)
 tenured generation   total 71520K, used 55464K [0x28930000, 0x2cf08000, 0x333e0000)
   the space 71520K,  77% used [0x28930000, 0x2bf5a208, 0x2bf5a400, 0x2cf08000)
 compacting perm gen  total 12288K, used 1394K [0x333e0000, 0x33fe0000, 0x373e0000)
   the space 12288K,  11% used [0x333e0000, 0x3353c868, 0x3353ca00, 0x33fe0000)
    ro space 10240K,  41% used [0x373e0000, 0x37812050, 0x37812200, 0x37de0000)
    rw space 12288K,  52% used [0x37de0000, 0x38426800, 0x38426800, 0x389e0000)
}
Event: 31.050 GC heap before
{Heap before GC invocations=157 (full 62):
 def new generation   total 32256K, used 27179K [0x233e0000, 0x256d0000, 0x28930000)
  eden space 28736K,  93% used [0x233e0000, 0x24e3f7d0, 0x24ff0000)
  from space 3520K,   4% used [0x24ff0000, 0x2501b5a8, 0x25360000)
  to   space 3520K,   0% used [0x25360000, 0x25360000, 0x256d0000)
 tenured generation   total 71520K, used 55464K [0x28930000, 0x2cf08000, 0x333e0000)
   the space 71520K,  77% used [0x28930000, 0x2bf5a208, 0x2bf5a400, 0x2cf08000)
 compacting perm gen  total 12288K, used 1394K [0x333e0000, 0x33fe0000, 0x373e0000)
   the space 12288K,  11% used [0x333e0000, 0x3353c888, 0x3353ca00, 0x33fe0000)
    ro space 10240K,  41% used [0x373e0000, 0x37812050, 0x37812200, 0x37de0000)
    rw space 12288K,  52% used [0x37de0000, 0x38426800, 0x38426800, 0x389e0000)

Deoptimization events (0 events):
No events

Internal exceptions (10 events):
Event: 30.845 Thread 0x0066c800 Threw 0x23e30e00 at C:\re\jdk7u51\527\hotspot\src\share\vm\prims\jni.cpp:717
Event: 30.848 Thread 0x0066c800 Threw 0x23e3e718 at C:\re\jdk7u51\527\hotspot\src\share\vm\prims\jni.cpp:717
Event: 30.851 Thread 0x0066c800 Threw 0x23e3fbd8 at C:\re\jdk7u51\527\hotspot\src\share\vm\prims\jni.cpp:717
Event: 30.856 Thread 0x0066c800 Threw 0x23e41098 at C:\re\jdk7u51\527\hotspot\src\share\vm\prims\jni.cpp:717
Event: 30.863 Thread 0x0066c800 Threw 0x24612b78 at C:\re\jdk7u51\527\hotspot\src\share\vm\prims\jni.cpp:717
Event: 30.866 Thread 0x0066c800 Threw 0x24620580 at C:\re\jdk7u51\527\hotspot\src\share\vm\prims\jni.cpp:717
Event: 30.869 Thread 0x0066c800 Threw 0x2462df90 at C:\re\jdk7u51\527\hotspot\src\share\vm\prims\jni.cpp:717
Event: 30.873 Thread 0x0066c800 Threw 0x2463b928 at C:\re\jdk7u51\527\hotspot\src\share\vm\prims\jni.cpp:717
Event: 30.876 Thread 0x0066c800 Threw 0x24649270 at C:\re\jdk7u51\527\hotspot\src\share\vm\prims\jni.cpp:717
Event: 30.879 Thread 0x0066c800 Threw 0x24656bb8 at C:\re\jdk7u51\527\hotspot\src\share\vm\prims\jni.cpp:717

Events (10 events):
Event: 30.058 Executing VM operation: RevokeBias done
Event: 30.058 Executing VM operation: RevokeBias
Event: 30.058 Executing VM operation: RevokeBias done
Event: 30.058 Executing VM operation: RevokeBias
Event: 30.059 Executing VM operation: RevokeBias done
Event: 30.059 Executing VM operation: RevokeBias
Event: 30.059 Executing VM operation: RevokeBias done
Event: 30.059 Executing VM operation: RevokeBias
Event: 30.059 Executing VM operation: RevokeBias done
Event: 31.050 Executing VM operation: GenCollectForAllocation


Dynamic libraries:
0x00ae0000 - 0x00b0f000 	C:\Program Files\Java\jre7\bin\javaw.exe
0x778e0000 - 0x77a1c000 	C:\Windows\SYSTEM32\ntdll.dll
0x75d30000 - 0x75e04000 	C:\Windows\system32\kernel32.dll
0x75bf0000 - 0x75c3b000 	C:\Windows\system32\KERNELBASE.dll
0x765e0000 - 0x76680000 	C:\Windows\system32\ADVAPI32.dll
0x77a60000 - 0x77b0c000 	C:\Windows\system32\msvcrt.dll
0x76220000 - 0x76239000 	C:\Windows\SYSTEM32\sechost.dll
0x762b0000 - 0x76352000 	C:\Windows\system32\RPCRT4.dll
0x76680000 - 0x76749000 	C:\Windows\system32\USER32.dll
0x76240000 - 0x7628e000 	C:\Windows\system32\GDI32.dll
0x75e10000 - 0x75e1a000 	C:\Windows\system32\LPK.dll
0x75e90000 - 0x75f2d000 	C:\Windows\system32\USP10.dll
0x74780000 - 0x7491e000 	C:\Windows\WinSxS\x86_microsoft.windows.common-controls_6595b64144ccf1df_6.0.7601.17514_none_41e6975e2bd6f2b2\COMCTL32.dll
0x75e20000 - 0x75e77000 	C:\Windows\system32\SHLWAPI.dll
0x76290000 - 0x762af000 	C:\Windows\system32\IMM32.DLL
0x76150000 - 0x7621c000 	C:\Windows\system32\MSCTF.dll
0x69290000 - 0x6934f000 	C:\Program Files\Java\jre7\bin\msvcr100.dll
0x686b0000 - 0x68a30000 	C:\Program Files\Java\jre7\bin\client\jvm.dll
0x70950000 - 0x70957000 	C:\Windows\system32\WSOCK32.dll
0x75c50000 - 0x75c85000 	C:\Windows\system32\WS2_32.dll
0x75e80000 - 0x75e86000 	C:\Windows\system32\NSI.dll
0x73bd0000 - 0x73c02000 	C:\Windows\system32\WINMM.dll
0x77a50000 - 0x77a55000 	C:\Windows\system32\PSAPI.DLL
0x686a0000 - 0x686ac000 	C:\Program Files\Java\jre7\bin\verify.dll
0x68680000 - 0x686a0000 	C:\Program Files\Java\jre7\bin\java.dll
0x68660000 - 0x68673000 	C:\Program Files\Java\jre7\bin\zip.dll
0x63050000 - 0x6325c000 	C:\Users\tlogan\hdf5\hdf-java\lib\win\jhdf5.dll
0x65450000 - 0x6553b000 	C:\Users\tlogan\hdf5\hdf-java\lib\win\jhdf.dll
0x66db0000 - 0x66ef3000 	C:\Program Files\Java\jre7\bin\awt.dll
0x75ca0000 - 0x75d2f000 	C:\Windows\system32\OLEAUT32.dll
0x76a00000 - 0x76b5c000 	C:\Windows\system32\ole32.dll
0x75360000 - 0x75376000 	C:\Windows\system32\CRYPTSP.dll
0x75100000 - 0x7513b000 	C:\Windows\system32\rsaenh.dll
0x74f40000 - 0x74f57000 	C:\Windows\system32\USERENV.dll
0x758f0000 - 0x758fb000 	C:\Windows\system32\profapi.dll
0x75840000 - 0x7584c000 	C:\Windows\system32\CRYPTBASE.dll
0x68640000 - 0x68654000 	C:\Program Files\Java\jre7\bin\net.dll
0x75320000 - 0x7535c000 	C:\Windows\system32\mswsock.dll
0x75310000 - 0x75316000 	C:\Windows\System32\wship6.dll
0x73ec0000 - 0x73ed0000 	C:\Windows\system32\NLAapi.dll
0x6ed30000 - 0x6ed40000 	C:\Windows\system32\napinsp.dll
0x6ed10000 - 0x6ed22000 	C:\Windows\system32\pnrpnsp.dll
0x751e0000 - 0x75224000 	C:\Windows\system32\DNSAPI.dll
0x6d750000 - 0x6d758000 	C:\Windows\System32\winrnr.dll
0x74e00000 - 0x74e05000 	C:\Windows\System32\wshtcpip.dll
0x74eb0000 - 0x74ecc000 	C:\Windows\system32\IPHLPAPI.DLL
0x74ea0000 - 0x74ea7000 	C:\Windows\system32\WINNSI.DLL
0x71570000 - 0x71576000 	C:\Windows\system32\rasadhlp.dll
0x736c0000 - 0x736f8000 	C:\Windows\System32\fwpuclnt.dll
0x68630000 - 0x6863f000 	C:\Program Files\Java\jre7\bin\nio.dll
0x6a740000 - 0x6a765000 	C:\Program Files\Java\jre7\bin\jpeg.dll
0x713f0000 - 0x714db000 	C:\Windows\system32\dbghelp.dll

VM Arguments:
jvm_args: -Djava.library.path=C:\Users\tlogan\hdf5\hdf-java\lib\win -Dfile.encoding=Cp1252 
java_command: com.hdf5vxml.HDF5vXML C:/Users/tlogan/Documents/GitHub/TestProject/HDF5vXML/src/main/java/hdf5vxml.properties
Launcher Type: SUN_STANDARD

Environment Variables:
PATH=C:/Program Files/Java/jre7/bin/client;C:/Program Files/Java/jre7/bin;C:/Program Files/Java/jre7/lib/i386;C:\Python27\Lib\site-packages\PyQt4;C:\app\udsoft\product\11.2.0\dbhome_1\bin;C:\Windows\system32;C:\Windows;C:\Windows\System32\Wbem;C:\Windows\System32\WindowsPowerShell\v1.0\;C:\Program Files\SlikSvn\bin;C:\Program Files\TortoiseSVN\bin;C:\Program Files\Common Files\Intuit\QBPOSSDKRuntime;C:\Python27;C:\Python27\DLLs;C:\Python27\Scripts;C:\Python27\Lib\site-packages\vtk;C:\Python27\gnuplot\binary;C:\Program Files\pythonxy\SciTE-3.3.2-3;C:\Program Files\pythonxy\console;C:\MinGW32-xy\bin;C:\Users\tlogan\hdf5\hdf-java\bin;\Users\tlogan\hdf5\bin\hdf5-1.8.12-utilities;C:\Program Files\Git\cmd;C:\Program Files\MySQL\MySQL Utilities 1.3.5\;C:\kepler\eclipse-jee-kepler-SR1-RC3-win32\eclipse;
USERNAME=tlogan
OS=Windows_NT
PROCESSOR_IDENTIFIER=x86 Family 6 Model 23 Stepping 6, GenuineIntel



---------------  S Y S T E M  ---------------

OS: Windows 7 Build 7601 Service Pack 1

CPU:total 2 (2 cores per cpu, 1 threads per core) family 6 model 23 stepping 6, cmov, cx8, fxsr, mmx, sse, sse2, sse3, ssse3, tsc

Memory: 4k page, physical 2496056k(1055428k free), swap 4990360k(3346868k free)

vm_info: Java HotSpot(TM) Client VM (24.51-b03) for windows-x86 JRE (1.7.0_51-b13), built on Dec 18 2013 19:09:58 by "java_re" with unknown MS VC++:1600

time: Thu Mar 13 13:31:55 2014
elapsed time: 31 seconds

